#
# There is insufficient memory for the Java Runtime Environment to continue.
# Native memory allocation (mmap) failed to map 400556032 bytes for Failed to commit area from 0x0000000682000000 to 0x0000000699e00000 of length 400556032.
# Possible reasons:
#   The system is out of physical RAM or swap space
#   The process is running with CompressedOops enabled, and the Java Heap may be blocking the growth of the native heap
# Possible solutions:
#   Reduce memory load on the system
#   Increase physical memory or swap space
#   Check if swap backing store is full
#   Decrease Java heap size (-Xmx/-Xms)
#   Decrease number of Java threads
#   Decrease Java thread stack sizes (-Xss)
#   Set larger code cache with -XX:ReservedCodeCacheSize=
# This output file may be truncated or incomplete.
#
#  Out of Memory Error (./open/src/hotspot/os/windows/os_windows.cpp:3275), pid=972468, tid=972488
#
# JRE version:  (11.0.8+10) (build )
# Java VM: Java HotSpot(TM) 64-Bit Server VM (11.0.8+10-LTS, mixed mode, sharing, tiered, compressed oops, g1 gc, windows-amd64)
# No core dump will be written. Minidumps are not enabled by default on client versions of Windows
#

---------------  S U M M A R Y ------------

Command Line: -Dclassworlds.conf=C:\apache-maven-3.5.4-bin\apache-maven-3.5.4\bin\..\bin\m2.conf -Dmaven.home=C:\apache-maven-3.5.4-bin\apache-maven-3.5.4\bin\.. -Dlibrary.jansi.path=C:\apache-maven-3.5.4-bin\apache-maven-3.5.4\bin\..\lib\jansi-native -Dmaven.multiModuleProjectDirectory=C:\SCORPIOUS_WORKSPACE\current_working\message_processor\analytics-services org.codehaus.plexus.classworlds.launcher.Launcher clean package

Host: Intel(R) Core(TM) i7-7500U CPU @ 2.70GHz, 4 cores, 23G,  Windows 10 , 64 bit Build 19041 (10.0.19041.662)
Time: Thu Dec 17 12:56:50 2020 India Standard Time elapsed time: 0 seconds (0d 0h 0m 0s)

---------------  T H R E A D  ---------------

Current thread (0x000001f4406da800):  JavaThread "Unknown thread" [_thread_in_vm, id=972488, stack(0x0000004bc4500000,0x0000004bc4600000)]

Stack: [0x0000004bc4500000,0x0000004bc4600000]
Native frames: (J=compiled Java code, j=interpreted, Vv=VM code, C=native code)
V  [jvm.dll+0x601aea]
V  [jvm.dll+0x737fef]
V  [jvm.dll+0x739675]
V  [jvm.dll+0x739cf3]
V  [jvm.dll+0x242848]
V  [jvm.dll+0x5fef8a]
V  [jvm.dll+0x5f3eb5]
V  [jvm.dll+0x2f651c]
V  [jvm.dll+0x2f63a2]
V  [jvm.dll+0x2fb056]
V  [jvm.dll+0x33ce9f]
V  [jvm.dll+0x33c8d0]
V  [jvm.dll+0x2d4768]
V  [jvm.dll+0x2d58c6]
V  [jvm.dll+0x713e67]
V  [jvm.dll+0x71570f]
V  [jvm.dll+0x349c19]
V  [jvm.dll+0x6f97f0]
V  [jvm.dll+0x3b2a5f]
V  [jvm.dll+0x3b4e81]
C  [jli.dll+0x5213]
C  [ucrtbase.dll+0x214c2]
C  [KERNEL32.DLL+0x17034]
C  [ntdll.dll+0x4d0d1]


---------------  P R O C E S S  ---------------

Threads class SMR info:
_java_thread_list=0x000001f43e537140, length=0, elements={
}

Java Threads: ( => current thread )

Other Threads:
  0x000001f4406ef800 GCTaskThread "GC Thread#0" [stack: 0x0000004bc4600000,0x0000004bc4700000] [id=972492]
  0x000001f440776800 ConcurrentGCThread "G1 Main Marker" [stack: 0x0000004bc4700000,0x0000004bc4800000] [id=972496]
  0x000001f440778000 ConcurrentGCThread "G1 Conc#0" [stack: 0x0000004bc4800000,0x0000004bc4900000] [id=972500]

[error occurred during error reporting (printing all threads), id 0xc0000005, EXCEPTION_ACCESS_VIOLATION (0xc0000005) at pc=0x00007ff9108a2f67]

VM state:not at safepoint (not fully initialized)

VM Mutex/Monitor currently owned by a thread:  ([mutex/lock_event])
[0x000001f4406d6b20] Heap_lock - owner thread: 0x000001f4406da800

Heap address: 0x0000000682000000, size: 6112 MB, Compressed Oops mode: Non-zero based: 0x0000000682000000
Narrow klass base: 0x0000000000000000, Narrow klass shift: 0

GC Heap History (0 events):
No events

Deoptimization events (0 events):
No events

Classes redefined (0 events):
No events

Internal exceptions (0 events):
No events

Events (0 events):
No events


Dynamic libraries:
0x00007ff65f8d0000 - 0x00007ff65f8df000 	C:\Program Files\Java\jdk-11.0.8\bin\java.exe
0x00007ff961650000 - 0x00007ff961846000 	C:\WINDOWS\SYSTEM32\ntdll.dll
0x00007ff961490000 - 0x00007ff96154d000 	C:\WINDOWS\System32\KERNEL32.DLL
0x00007ff95edf0000 - 0x00007ff95f0b9000 	C:\WINDOWS\System32\KERNELBASE.dll
0x00007ff95f4a0000 - 0x00007ff95f5a0000 	C:\WINDOWS\System32\ucrtbase.dll
0x00007ff954d40000 - 0x00007ff954d55000 	C:\Program Files\Java\jdk-11.0.8\bin\VCRUNTIME140.dll
0x00007ff93fa20000 - 0x00007ff93fa38000 	C:\Program Files\Java\jdk-11.0.8\bin\jli.dll
0x00007ff960f00000 - 0x00007ff960fac000 	C:\WINDOWS\System32\ADVAPI32.dll
0x00007ff9610e0000 - 0x00007ff96117e000 	C:\WINDOWS\System32\msvcrt.dll
0x00007ff960be0000 - 0x00007ff960c7c000 	C:\WINDOWS\System32\sechost.dll
0x00007ff960fb0000 - 0x00007ff9610db000 	C:\WINDOWS\System32\RPCRT4.dll
0x00007ff95fe70000 - 0x00007ff960010000 	C:\WINDOWS\System32\USER32.dll
0x00007ff95f0c0000 - 0x00007ff95f0e2000 	C:\WINDOWS\System32\win32u.dll
0x00007ff9615e0000 - 0x00007ff96160a000 	C:\WINDOWS\System32\GDI32.dll
0x00007ff949c40000 - 0x00007ff949edb000 	C:\WINDOWS\WinSxS\amd64_microsoft.windows.common-controls_6595b64144ccf1df_6.0.19041.488_none_ca04af081b815d21\COMCTL32.dll
0x00007ff95f5a0000 - 0x00007ff95f6a9000 	C:\WINDOWS\System32\gdi32full.dll
0x00007ff95f380000 - 0x00007ff95f41d000 	C:\WINDOWS\System32\msvcp_win.dll
0x00007ff9551d0000 - 0x00007ff9551da000 	C:\WINDOWS\SYSTEM32\VERSION.dll
0x00007ff95fc30000 - 0x00007ff95fc60000 	C:\WINDOWS\System32\IMM32.DLL
0x00007ff939640000 - 0x00007ff9396db000 	C:\Program Files\Java\jdk-11.0.8\bin\msvcp140.dll
0x00007ff9105c0000 - 0x00007ff9110a6000 	C:\Program Files\Java\jdk-11.0.8\bin\server\jvm.dll
0x00007ff961370000 - 0x00007ff961378000 	C:\WINDOWS\System32\PSAPI.DLL
0x00007ff954fa0000 - 0x00007ff954fa9000 	C:\WINDOWS\SYSTEM32\WSOCK32.dll
0x00007ff95fb30000 - 0x00007ff95fb9b000 	C:\WINDOWS\System32\WS2_32.dll
0x00007ff9551a0000 - 0x00007ff9551c7000 	C:\WINDOWS\SYSTEM32\WINMM.dll
0x00007ff95cb70000 - 0x00007ff95cb82000 	C:\WINDOWS\SYSTEM32\kernel.appcore.dll
0x00007ff94aa10000 - 0x00007ff94aa20000 	C:\Program Files\Java\jdk-11.0.8\bin\verify.dll
0x00007ff9561d0000 - 0x00007ff9563b4000 	C:\WINDOWS\SYSTEM32\DBGHELP.DLL
0x00007ff9561a0000 - 0x00007ff9561cc000 	C:\WINDOWS\SYSTEM32\dbgcore.DLL
0x00007ff95f420000 - 0x00007ff95f4a0000 	C:\WINDOWS\System32\bcryptPrimitives.dll
0x00007ff9397b0000 - 0x00007ff9397d8000 	C:\Program Files\Java\jdk-11.0.8\bin\java.dll
0x00007ff93eb40000 - 0x00007ff93eb4a000 	C:\Program Files\Java\jdk-11.0.8\bin\jimage.dll
0x00007ff93e5d0000 - 0x00007ff93e5e6000 	C:\Program Files\Java\jdk-11.0.8\bin\zip.dll

dbghelp: loaded successfully - version: 4.0.5 - missing functions: none
symbol engine: initialized successfully - sym options: 0x614 - pdb path: .;C:\Program Files\Java\jdk-11.0.8\bin;C:\WINDOWS\SYSTEM32;C:\WINDOWS\WinSxS\amd64_microsoft.windows.common-controls_6595b64144ccf1df_6.0.19041.488_none_ca04af081b815d21;C:\Program Files\Java\jdk-11.0.8\bin\server

VM Arguments:
jvm_args: -Dclassworlds.conf=C:\apache-maven-3.5.4-bin\apache-maven-3.5.4\bin\..\bin\m2.conf -Dmaven.home=C:\apache-maven-3.5.4-bin\apache-maven-3.5.4\bin\.. -Dlibrary.jansi.path=C:\apache-maven-3.5.4-bin\apache-maven-3.5.4\bin\..\lib\jansi-native -Dmaven.multiModuleProjectDirectory=C:\SCORPIOUS_WORKSPACE\current_working\message_processor\analytics-services 
java_command: org.codehaus.plexus.classworlds.launcher.Launcher clean package
java_class_path (initial): C:\apache-maven-3.5.4-bin\apache-maven-3.5.4\bin\..\boot\plexus-classworlds-2.5.2.jar
Launcher Type: SUN_STANDARD

[Global flags]
     intx CICompilerCount                          = 3                                         {product} {ergonomic}
     uint ConcGCThreads                            = 1                                         {product} {ergonomic}
     uint G1ConcRefinementThreads                  = 4                                         {product} {ergonomic}
   size_t G1HeapRegionSize                         = 1048576                                   {product} {ergonomic}
    uintx GCDrainStackTargetSize                   = 64                                        {product} {ergonomic}
   size_t InitialHeapSize                          = 400556032                                 {product} {ergonomic}
   size_t MarkStackSize                            = 4194304                                   {product} {ergonomic}
   size_t MaxHeapSize                              = 6408896512                                {product} {ergonomic}
   size_t MinHeapDeltaBytes                        = 1048576                                   {product} {ergonomic}
    uintx NonNMethodCodeHeapSize                   = 5830732                                {pd product} {ergonomic}
    uintx NonProfiledCodeHeapSize                  = 122913754                              {pd product} {ergonomic}
    uintx ProfiledCodeHeapSize                     = 122913754                              {pd product} {ergonomic}
    uintx ReservedCodeCacheSize                    = 251658240                              {pd product} {ergonomic}
     bool SegmentedCodeCache                       = true                                      {product} {ergonomic}
     bool UseCompressedClassPointers               = true                                 {lp64_product} {ergonomic}
     bool UseCompressedOops                        = true                                 {lp64_product} {ergonomic}
     bool UseG1GC                                  = true                                      {product} {ergonomic}
     bool UseLargePagesIndividualAllocation        = false                                  {pd product} {ergonomic}

Logging:
Log output configuration:
 #0: stdout all=warning uptime,level,tags
 #1: stderr all=off uptime,level,tags

Environment Variables:
JAVA_HOME=C:\Program Files\Java\jdk-11.0.8
PATH=C:\Program Files\Common Files\Oracle\Java\javapath;D:\oraclexe\app\oracle\product\11.2.0\server\bin;D:\app\sanjeet\product\12.2.0\dbhome_1\bin;D:\app\mohsanj\product\12.1.0\dbhome_1\bin;C:\Program Files (x86)\Intel\iCLS Client\;C:\Program Files\Intel\iCLS Client\;C:\Windows\system32;C:\Windows;C:\Windows\System32\Wbem;C:\Windows\System32\WindowsPowerShell\v1.0\;C:\Program Files (x86)\NVIDIA Corporation\PhysX\Common;C:\Program Files (x86)\Intel\Intel(R) Management Engine Components\DAL;C:\Program Files\Intel\Intel(R) Management Engine Components\DAL;C:\Program Files (x86)\Intel\Intel(R) Management Engine Components\IPT;C:\Program Files\Intel\Intel(R) Management Engine Components\IPT;C:\WINDOWS\system32;C:\WINDOWS;C:\WINDOWS\System32\Wbem;C:\WINDOWS\System32\WindowsPowerShell\v1.0\;C:\Program Files\PuTTY\;C:\Program Files (x86)\MySQL\MySQL Server 5.1\bin;C:\Program Files\Git\cmd;C:\WINDOWS\System32\OpenSSH\;D:\HAPDOOp\spark-2.3.0-bin-hadoop2.6\spark-2.3.0-bin-hadoop2.6\bin;C:\Program Files\Java\jdk1.8.0_121\bin;C:\apache-maven-3.5.4-bin\apache-maven-3.5.4\bin;C:\Program Files\nodejs\;C:\Program Files\Microsoft VS Code\bin;C:\Program Files\Amazon\AWSCLIV2\;C:\Program Files\Docker\Docker\resources\bin;C:\ProgramData\DockerDesktop\version-bin;C:\Users\sanjeet\AppData\Local\Microsoft\WindowsApps;C:\Program Files\Docker Toolbox;C:\Users\sanjeet\AppData\Roaming\npm;C:\Users\sanjeet\AppData\Local\atom\bin;C:\Users\sanjeet\AppData\Local\Microsoft\WindowsApps;
USERNAME=sanjeet
OS=Windows_NT
PROCESSOR_IDENTIFIER=Intel64 Family 6 Model 142 Stepping 9, GenuineIntel



---------------  S Y S T E M  ---------------

OS: Windows 10 , 64 bit Build 19041 (10.0.19041.662)
HyperV virtualization detected

CPU:total 4 (initial active 4) (2 cores per cpu, 2 threads per core) family 6 model 142 stepping 9, cmov, cx8, fxsr, mmx, sse, sse2, sse3, ssse3, sse4.1, sse4.2, popcnt, avx, avx2, aes, clmul, erms, 3dnowpref, lzcnt, ht, tsc, tscinvbit, bmi1, bmi2, adx, fma

Memory: 4k page, system-wide physical 24444M (2333M free)
TotalPageFile size 24444M (AvailPageFile size 255M)
current process WorkingSet (physical memory assigned to process): 9M, peak: 9M
current process commit charge ("private bytes"): 52M, peak: 434M

vm_info: Java HotSpot(TM) 64-Bit Server VM (11.0.8+10-LTS) for windows-amd64 JRE (11.0.8+10-LTS), built on Jun 16 2020 05:53:08 by "mach5one" with unknown MS VC++:1916

END.
